[0.184s] DEBUG:colcon:Command line arguments: ['/usr/bin/colcon', 'build', '--symlink-install']
[0.184s] DEBUG:colcon:Parsed command line arguments: Namespace(log_base=None, log_level=None, verb_name='build', build_base='build', install_base='install', merge_install=False, symlink_install=True, test_result_base=None, continue_on_error=False, executor='parallel', parallel_workers=16, event_handlers=None, ignore_user_meta=False, metas=['./colcon.meta'], base_paths=['.'], packages_ignore=None, packages_ignore_regex=None, paths=None, packages_up_to=None, packages_up_to_regex=None, packages_above=None, packages_above_and_dependencies=None, packages_above_depth=None, packages_select_by_dep=None, packages_skip_by_dep=None, packages_skip_up_to=None, packages_select_build_failed=False, packages_skip_build_finished=False, packages_select_test_failures=False, packages_skip_test_passed=False, packages_select=None, packages_skip=None, packages_select_regex=None, packages_skip_regex=None, packages_start=None, packages_end=None, allow_overriding=[], cmake_args=None, cmake_target=None, cmake_target_skip_unavailable=False, cmake_clean_cache=False, cmake_clean_first=False, cmake_force_configure=False, ament_cmake_args=None, catkin_cmake_args=None, catkin_skip_building_tests=False, mixin_files=None, mixin=None, verb_parser=<colcon_mixin.mixin.mixin_argument.MixinArgumentDecorator object at 0x789c0ce83430>, verb_extension=<colcon_core.verb.build.BuildVerb object at 0x789c0cfc8a00>, main=<bound method BuildVerb.main of <colcon_core.verb.build.BuildVerb object at 0x789c0cfc8a00>>, mixin_verb=('build',))
[0.569s] Level 1:colcon.colcon_core.package_discovery:discover_packages(colcon_meta) check parameters
[0.569s] Level 1:colcon.colcon_core.package_discovery:discover_packages(recursive) check parameters
[0.569s] Level 1:colcon.colcon_core.package_discovery:discover_packages(ignore) check parameters
[0.569s] Level 1:colcon.colcon_core.package_discovery:discover_packages(path) check parameters
[0.569s] Level 1:colcon.colcon_core.package_discovery:discover_packages(colcon_meta) discover
[0.569s] Level 1:colcon.colcon_core.package_discovery:discover_packages(recursive) discover
[0.569s] INFO:colcon.colcon_core.package_discovery:Crawling recursively for packages in '/home/user1/pcl_ws/src/cone_detection'
[0.569s] Level 1:colcon.colcon_core.package_identification:_identify(.) by extensions ['ignore', 'ignore_ament_install']
[0.569s] Level 1:colcon.colcon_core.package_identification:_identify(.) by extension 'ignore'
[0.569s] Level 1:colcon.colcon_core.package_identification:_identify(.) by extension 'ignore_ament_install'
[0.569s] Level 1:colcon.colcon_core.package_identification:_identify(.) by extensions ['colcon_pkg']
[0.569s] Level 1:colcon.colcon_core.package_identification:_identify(.) by extension 'colcon_pkg'
[0.569s] Level 1:colcon.colcon_core.package_identification:_identify(.) by extensions ['colcon_meta']
[0.569s] Level 1:colcon.colcon_core.package_identification:_identify(.) by extension 'colcon_meta'
[0.569s] Level 1:colcon.colcon_core.package_identification:_identify(.) by extensions ['ros']
[0.569s] Level 1:colcon.colcon_core.package_identification:_identify(.) by extension 'ros'
[0.585s] DEBUG:colcon.colcon_core.package_identification:Package '.' with type 'ros.ament_cmake' and name 'cone_detection'
[0.585s] Level 1:colcon.colcon_core.package_discovery:discover_packages(recursive) using defaults
[0.585s] Level 1:colcon.colcon_core.package_discovery:discover_packages(ignore) discover
[0.585s] Level 1:colcon.colcon_core.package_discovery:discover_packages(ignore) using defaults
[0.585s] Level 1:colcon.colcon_core.package_discovery:discover_packages(path) discover
[0.585s] Level 1:colcon.colcon_core.package_discovery:discover_packages(path) using defaults
[0.612s] Level 1:colcon.colcon_core.package_discovery:discover_packages(prefix_path) check parameters
[0.612s] Level 1:colcon.colcon_core.package_discovery:discover_packages(prefix_path) discover
[0.621s] DEBUG:colcon.colcon_installed_package_information.package_discovery:Found 1 installed packages in /home/user1/pcl_ws/install
[0.622s] DEBUG:colcon.colcon_installed_package_information.package_discovery:Found 11 installed packages in /home/user1/nav2_ws/install
[0.623s] DEBUG:colcon.colcon_installed_package_information.package_discovery:Found 11 installed packages in /home/user1/ros2_ws/install
[0.625s] DEBUG:colcon.colcon_installed_package_information.package_discovery:Found 455 installed packages in /opt/ros/humble
[0.627s] Level 1:colcon.colcon_core.package_discovery:discover_packages(prefix_path) using defaults
[0.753s] Level 5:colcon.colcon_core.verb:set package 'cone_detection' build argument 'cmake_args' from command line to 'None'
[0.753s] Level 5:colcon.colcon_core.verb:set package 'cone_detection' build argument 'cmake_target' from command line to 'None'
[0.753s] Level 5:colcon.colcon_core.verb:set package 'cone_detection' build argument 'cmake_target_skip_unavailable' from command line to 'False'
[0.753s] Level 5:colcon.colcon_core.verb:set package 'cone_detection' build argument 'cmake_clean_cache' from command line to 'False'
[0.753s] Level 5:colcon.colcon_core.verb:set package 'cone_detection' build argument 'cmake_clean_first' from command line to 'False'
[0.753s] Level 5:colcon.colcon_core.verb:set package 'cone_detection' build argument 'cmake_force_configure' from command line to 'False'
[0.753s] Level 5:colcon.colcon_core.verb:set package 'cone_detection' build argument 'ament_cmake_args' from command line to 'None'
[0.753s] Level 5:colcon.colcon_core.verb:set package 'cone_detection' build argument 'catkin_cmake_args' from command line to 'None'
[0.753s] Level 5:colcon.colcon_core.verb:set package 'cone_detection' build argument 'catkin_skip_building_tests' from command line to 'False'
[0.753s] DEBUG:colcon.colcon_core.verb:Building package 'cone_detection' with the following arguments: {'ament_cmake_args': None, 'build_base': '/home/user1/pcl_ws/src/cone_detection/build/cone_detection', 'catkin_cmake_args': None, 'catkin_skip_building_tests': False, 'cmake_args': None, 'cmake_clean_cache': False, 'cmake_clean_first': False, 'cmake_force_configure': False, 'cmake_target': None, 'cmake_target_skip_unavailable': False, 'install_base': '/home/user1/pcl_ws/src/cone_detection/install/cone_detection', 'merge_install': False, 'path': '/home/user1/pcl_ws/src/cone_detection', 'symlink_install': True, 'test_result_base': None}
[0.753s] INFO:colcon.colcon_core.executor:Executing jobs using 'parallel' executor
[0.754s] DEBUG:colcon.colcon_parallel_executor.executor.parallel:run_until_complete
[0.755s] INFO:colcon.colcon_ros.task.ament_cmake.build:Building ROS package in '/home/user1/pcl_ws/src/cone_detection' with build type 'ament_cmake'
[0.755s] INFO:colcon.colcon_cmake.task.cmake.build:Building CMake package in '/home/user1/pcl_ws/src/cone_detection'
[0.759s] INFO:colcon.colcon_core.plugin_system:Skipping extension 'colcon_core.shell.bat': Not used on non-Windows systems
[0.760s] INFO:colcon.colcon_core.shell:Skip shell extension 'powershell' for command environment: Not usable outside of PowerShell
[0.760s] DEBUG:colcon.colcon_core.shell:Skip shell extension 'dsv' for command environment
[0.770s] DEBUG:colcon.colcon_core.event_handler.log_command:Invoking command in '/home/user1/pcl_ws/src/cone_detection/build/cone_detection': CMAKE_PREFIX_PATH=${CMAKE_PREFIX_PATH}:/home/user1/nav2_ws/install/neuronbot2_led:/home/user1/ros2_ws/install/tutorial_topic:/home/user1/ros2_ws/install/tutorial_service:/home/user1/ros2_ws/install/tutorial_action:/home/user1/ros2_ws/install/node_exercise:/home/user1/ros2_ws/install/my_package:/home/user1/ros2_ws/install/moving_services:/home/user1/ros2_ws/install/logger_test:/home/user1/ros2_ws/install/custom_interface_example:/opt/ros/humble /usr/bin/cmake /home/user1/pcl_ws/src/cone_detection -DAMENT_CMAKE_SYMLINK_INSTALL=1 -DCMAKE_INSTALL_PREFIX=/home/user1/pcl_ws/src/cone_detection/install/cone_detection
[1.645s] DEBUG:colcon.colcon_parallel_executor.executor.parallel:run_until_complete was interrupted
[1.645s] DEBUG:colcon.colcon_parallel_executor.executor.parallel:run_until_complete again
[1.647s] Level 1:colcon.colcon_core.environment:create_environment_scripts_only(cone_detection)
[1.648s] DEBUG:colcon.colcon_core.event_handler.log_command:Invoked command in '/home/user1/pcl_ws/src/cone_detection/build/cone_detection' returned '-2': CMAKE_PREFIX_PATH=${CMAKE_PREFIX_PATH}:/home/user1/nav2_ws/install/neuronbot2_led:/home/user1/ros2_ws/install/tutorial_topic:/home/user1/ros2_ws/install/tutorial_service:/home/user1/ros2_ws/install/tutorial_action:/home/user1/ros2_ws/install/node_exercise:/home/user1/ros2_ws/install/my_package:/home/user1/ros2_ws/install/moving_services:/home/user1/ros2_ws/install/logger_test:/home/user1/ros2_ws/install/custom_interface_example:/opt/ros/humble /usr/bin/cmake /home/user1/pcl_ws/src/cone_detection -DAMENT_CMAKE_SYMLINK_INSTALL=1 -DCMAKE_INSTALL_PREFIX=/home/user1/pcl_ws/src/cone_detection/install/cone_detection
[1.653s] Level 1:colcon.colcon_core.environment:checking '/home/user1/pcl_ws/src/cone_detection/install/cone_detection' for CMake module files
[1.654s] Level 1:colcon.colcon_core.environment:checking '/home/user1/pcl_ws/src/cone_detection/install/cone_detection' for CMake config files
[1.654s] Level 1:colcon.colcon_core.environment:checking '/home/user1/pcl_ws/src/cone_detection/install/cone_detection/bin'
[1.654s] Level 1:colcon.colcon_core.environment:checking '/home/user1/pcl_ws/src/cone_detection/install/cone_detection/lib/pkgconfig/cone_detection.pc'
[1.654s] Level 1:colcon.colcon_core.environment:checking '/home/user1/pcl_ws/src/cone_detection/install/cone_detection/lib/python3.10/site-packages'
[1.654s] Level 1:colcon.colcon_core.environment:checking '/home/user1/pcl_ws/src/cone_detection/install/cone_detection/bin'
[1.655s] INFO:colcon.colcon_core.shell:Creating package script '/home/user1/pcl_ws/src/cone_detection/install/cone_detection/share/cone_detection/package.ps1'
[1.656s] INFO:colcon.colcon_core.shell:Creating package descriptor '/home/user1/pcl_ws/src/cone_detection/install/cone_detection/share/cone_detection/package.dsv'
[1.657s] INFO:colcon.colcon_core.shell:Creating package script '/home/user1/pcl_ws/src/cone_detection/install/cone_detection/share/cone_detection/package.sh'
[1.657s] INFO:colcon.colcon_core.shell:Creating package script '/home/user1/pcl_ws/src/cone_detection/install/cone_detection/share/cone_detection/package.bash'
[1.658s] INFO:colcon.colcon_core.shell:Creating package script '/home/user1/pcl_ws/src/cone_detection/install/cone_detection/share/cone_detection/package.zsh'
[1.659s] Level 1:colcon.colcon_core.environment:create_file_with_runtime_dependencies(/home/user1/pcl_ws/src/cone_detection/install/cone_detection/share/colcon-core/packages/cone_detection)
[1.669s] DEBUG:colcon.colcon_parallel_executor.executor.parallel:run_until_complete finished
[1.670s] DEBUG:colcon.colcon_parallel_executor.executor.parallel:closing loop
[1.670s] DEBUG:colcon.colcon_parallel_executor.executor.parallel:loop closed
[1.670s] DEBUG:colcon.colcon_core.event_reactor:joining thread
[1.682s] INFO:colcon.colcon_core.plugin_system:Skipping extension 'colcon_notification.desktop_notification.terminal_notifier': Not used on non-Darwin systems
[1.683s] INFO:colcon.colcon_core.plugin_system:Skipping extension 'colcon_notification.desktop_notification.win32': Not used on non-Windows systems
[1.683s] INFO:colcon.colcon_notification.desktop_notification:Sending desktop notification using 'notify2'
[1.698s] DEBUG:colcon.colcon_core.event_reactor:joined thread
[1.699s] INFO:colcon.colcon_core.shell:Creating prefix script '/home/user1/pcl_ws/src/cone_detection/install/local_setup.ps1'
[1.700s] INFO:colcon.colcon_core.shell:Creating prefix util module '/home/user1/pcl_ws/src/cone_detection/install/_local_setup_util_ps1.py'
[1.702s] INFO:colcon.colcon_core.shell:Creating prefix chain script '/home/user1/pcl_ws/src/cone_detection/install/setup.ps1'
[1.704s] INFO:colcon.colcon_core.shell:Creating prefix script '/home/user1/pcl_ws/src/cone_detection/install/local_setup.sh'
[1.705s] INFO:colcon.colcon_core.shell:Creating prefix util module '/home/user1/pcl_ws/src/cone_detection/install/_local_setup_util_sh.py'
[1.706s] INFO:colcon.colcon_core.shell:Creating prefix chain script '/home/user1/pcl_ws/src/cone_detection/install/setup.sh'
[1.709s] INFO:colcon.colcon_core.shell:Creating prefix script '/home/user1/pcl_ws/src/cone_detection/install/local_setup.bash'
[1.709s] INFO:colcon.colcon_core.shell:Creating prefix chain script '/home/user1/pcl_ws/src/cone_detection/install/setup.bash'
[1.712s] INFO:colcon.colcon_core.shell:Creating prefix script '/home/user1/pcl_ws/src/cone_detection/install/local_setup.zsh'
[1.712s] INFO:colcon.colcon_core.shell:Creating prefix chain script '/home/user1/pcl_ws/src/cone_detection/install/setup.zsh'
